<?xml version="1.0" encoding="UTF-8"?>
<testsuite xmlns:xsi="http://www.w3.org/2001/XMLSchema-instance" xsi:noNamespaceSchemaLocation="https://maven.apache.org/surefire/maven-surefire-plugin/xsd/surefire-test-report.xsd" version="3.0.2" name="com.teleport.TrackingNumberService.TrackingNumberServiceApplicationTests" time="12.052" tests="1" errors="0" skipped="0" failures="0">
  <properties>
[...]
</properties>
  <testcase name="contextLoads" classname="com.teleport.TrackingNumberService.TrackingNumberServiceApplicationTests" time="0.031">
    <system-out><![CDATA[15:20:18.143 [main] INFO org.springframework.test.context.support.AnnotationConfigContextLoaderUtils -- Could not detect default configuration classes for test class [com.teleport.TrackingNumberService.TrackingNumberServiceApplicationTests]: TrackingNumberServiceApplicationTests does not declare any static, non-private, non-final, nested classes annotated with @Configuration.
15:20:18.481 [main] INFO org.springframework.boot.test.context.SpringBootTestContextBootstrapper -- Found @SpringBootConfiguration com.teleport.TrackingNumberService.TrackingNumberServiceApplication for test class com.teleport.TrackingNumberService.TrackingNumberServiceApplicationTests
15:20:18.947 [main] INFO org.springframework.boot.devtools.restart.RestartApplicationListener -- Restart disabled due to context in which it is running

  .   ____          _            __ _ _
 /\\ / ___'_ __ _ _(_)_ __  __ _ \ \ \ \
( ( )\___ | '_ | '_| | '_ \/ _` | \ \ \ \
 \\/  ___)| |_)| | | | | || (_| |  ) ) ) )
  '  |____| .__|_| |_|_| |_\__, | / / / /
 =========|_|==============|___/=/_/_/_/

 :: Spring Boot ::                (v3.5.0)

2025-06-06T15:20:19.907+08:00  INFO 13800 --- [TrackingNumberService] [           main] .T.TrackingNumberServiceApplicationTests : Starting TrackingNumberServiceApplicationTests using Java 17.0.12 with PID 13800 (started by User in C:\Users\User\IdeaProjects\teleport-tracking-number)
2025-06-06T15:20:19.910+08:00  INFO 13800 --- [TrackingNumberService] [           main] .T.TrackingNumberServiceApplicationTests : No active profile set, falling back to 1 default profile: "default"
2025-06-06T15:20:22.267+08:00  INFO 13800 --- [TrackingNumberService] [           main] .s.d.r.c.RepositoryConfigurationDelegate : Bootstrapping Spring Data JPA repositories in DEFAULT mode.
2025-06-06T15:20:22.417+08:00  INFO 13800 --- [TrackingNumberService] [           main] .s.d.r.c.RepositoryConfigurationDelegate : Finished Spring Data repository scanning in 129 ms. Found 1 JPA repository interface.
2025-06-06T15:20:23.483+08:00  INFO 13800 --- [TrackingNumberService] [           main] o.hibernate.jpa.internal.util.LogHelper  : HHH000204: Processing PersistenceUnitInfo [name: default]
2025-06-06T15:20:23.638+08:00  INFO 13800 --- [TrackingNumberService] [           main] org.hibernate.Version                    : HHH000412: Hibernate ORM core version 6.6.15.Final
2025-06-06T15:20:23.732+08:00  INFO 13800 --- [TrackingNumberService] [           main] o.h.c.internal.RegionFactoryInitiator    : HHH000026: Second-level cache disabled
2025-06-06T15:20:24.122+08:00  INFO 13800 --- [TrackingNumberService] [           main] o.s.o.j.p.SpringPersistenceUnitInfo      : No LoadTimeWeaver setup: ignoring JPA class transformer
2025-06-06T15:20:24.212+08:00  INFO 13800 --- [TrackingNumberService] [           main] com.zaxxer.hikari.HikariDataSource       : HikariPool-1 - Starting...
2025-06-06T15:20:25.045+08:00  INFO 13800 --- [TrackingNumberService] [           main] com.zaxxer.hikari.pool.HikariPool        : HikariPool-1 - Added connection com.mysql.cj.jdbc.ConnectionImpl@47f39279
2025-06-06T15:20:25.052+08:00  INFO 13800 --- [TrackingNumberService] [           main] com.zaxxer.hikari.HikariDataSource       : HikariPool-1 - Start completed.
2025-06-06T15:20:25.350+08:00  INFO 13800 --- [TrackingNumberService] [           main] org.hibernate.orm.connections.pooling    : HHH10001005: Database info:
	Database JDBC URL [Connecting through datasource 'HikariDataSource (HikariPool-1)']
	Database driver: undefined/unknown
	Database version: 8.0.41
	Autocommit mode: undefined/unknown
	Isolation level: undefined/unknown
	Minimum pool size: undefined/unknown
	Maximum pool size: undefined/unknown
2025-06-06T15:20:25.369+08:00 DEBUG 13800 --- [TrackingNumberService] [           main] o.h.t.d.sql.spi.DdlTypeRegistry          : addDescriptor(12, org.hibernate.type.descriptor.sql.internal.CapacityDependentDdlType@6a7fc4c1) replaced previous registration(org.hibernate.type.descriptor.sql.internal.CapacityDependentDdlType@270097ce)
2025-06-06T15:20:25.369+08:00 DEBUG 13800 --- [TrackingNumberService] [           main] o.h.t.d.sql.spi.DdlTypeRegistry          : addDescriptor(-9, org.hibernate.type.descriptor.sql.internal.CapacityDependentDdlType@8b1170f) replaced previous registration(org.hibernate.type.descriptor.sql.internal.CapacityDependentDdlType@69cb134)
2025-06-06T15:20:25.369+08:00 DEBUG 13800 --- [TrackingNumberService] [           main] o.h.t.d.sql.spi.DdlTypeRegistry          : addDescriptor(-3, org.hibernate.type.descriptor.sql.internal.CapacityDependentDdlType@125124ea) replaced previous registration(org.hibernate.type.descriptor.sql.internal.CapacityDependentDdlType@314c6f89)
2025-06-06T15:20:25.370+08:00 DEBUG 13800 --- [TrackingNumberService] [           main] o.h.t.d.sql.spi.DdlTypeRegistry          : addDescriptor(4003, org.hibernate.type.descriptor.sql.internal.DdlTypeImpl@31450fc0) replaced previous registration(org.hibernate.type.descriptor.sql.internal.DdlTypeImpl@52b30dcd)
2025-06-06T15:20:25.370+08:00 DEBUG 13800 --- [TrackingNumberService] [           main] o.h.t.d.sql.spi.DdlTypeRegistry          : addDescriptor(4001, org.hibernate.type.descriptor.sql.internal.DdlTypeImpl@49de1505) replaced previous registration(org.hibernate.type.descriptor.sql.internal.DdlTypeImpl@1bbc1b90)
2025-06-06T15:20:25.371+08:00 DEBUG 13800 --- [TrackingNumberService] [           main] o.h.t.d.sql.spi.DdlTypeRegistry          : addDescriptor(4002, org.hibernate.type.descriptor.sql.internal.DdlTypeImpl@29e3c28) replaced previous registration(org.hibernate.type.descriptor.sql.internal.DdlTypeImpl@480994d3)
2025-06-06T15:20:25.371+08:00 DEBUG 13800 --- [TrackingNumberService] [           main] o.h.t.d.sql.spi.DdlTypeRegistry          : addDescriptor(2004, org.hibernate.type.descriptor.sql.internal.CapacityDependentDdlType@7146c6ea) replaced previous registration(org.hibernate.type.descriptor.sql.internal.DdlTypeImpl@a5d23c9)
2025-06-06T15:20:25.372+08:00 DEBUG 13800 --- [TrackingNumberService] [           main] o.h.t.d.sql.spi.DdlTypeRegistry          : addDescriptor(2005, org.hibernate.type.descriptor.sql.internal.CapacityDependentDdlType@795131d6) replaced previous registration(org.hibernate.type.descriptor.sql.internal.DdlTypeImpl@7d7a8d23)
2025-06-06T15:20:25.372+08:00 DEBUG 13800 --- [TrackingNumberService] [           main] o.h.t.d.sql.spi.DdlTypeRegistry          : addDescriptor(2011, org.hibernate.type.descriptor.sql.internal.CapacityDependentDdlType@3acc65f0) replaced previous registration(org.hibernate.type.descriptor.sql.internal.DdlTypeImpl@59ec5a0b)
2025-06-06T15:20:27.342+08:00  INFO 13800 --- [TrackingNumberService] [           main] o.h.e.t.j.p.i.JtaPlatformInitiator       : HHH000489: No JTA platform available (set 'hibernate.transaction.jta.platform' to enable JTA platform integration)
2025-06-06T15:20:27.449+08:00  INFO 13800 --- [TrackingNumberService] [           main] j.LocalContainerEntityManagerFactoryBean : Initialized JPA EntityManagerFactory for persistence unit 'default'
2025-06-06T15:20:28.706+08:00  WARN 13800 --- [TrackingNumberService] [           main] JpaBaseConfiguration$JpaWebConfiguration : spring.jpa.open-in-view is enabled by default. Therefore, database queries may be performed during view rendering. Explicitly configure spring.jpa.open-in-view to disable this warning
2025-06-06T15:20:28.819+08:00  INFO 13800 --- [TrackingNumberService] [           main] o.s.v.b.OptionalValidatorFactoryBean     : Failed to set up a Bean Validation provider: jakarta.validation.NoProviderFoundException: Unable to create a Configuration, because no Jakarta Bean Validation provider could be found. Add a provider like Hibernate Validator (RI) to your classpath.
2025-06-06T15:20:29.843+08:00  INFO 13800 --- [TrackingNumberService] [           main] .T.TrackingNumberServiceApplicationTests : Started TrackingNumberServiceApplicationTests in 10.927 seconds (process running for 16.572)
]]></system-out>
  </testcase>
</testsuite>